<?xml version="1.0" encoding="UTF-8"?>
<Site BuildName="(empty)"
	BuildStamp="20240801-0045-Experimental"
	Name="shzyh-GE76-Raider-10UH"
	Generator="ctest-3.16.3"
	CompilerName="/usr/bin/c++"
	CompilerVersion="9.4.0"
	OSName="Linux"
	Hostname="shzyh-GE76-Raider-10UH"
	OSRelease="5.15.0-117-generic"
	OSVersion="#127~20.04.1-Ubuntu SMP Thu Jul 11 15:36:12 UTC 2024"
	OSPlatform="x86_64"
	Is64Bits="1"
	VendorString="GenuineIntel"
	VendorID="Intel Corporation"
	FamilyID="6"
	ModelID="165"
	ProcessorCacheSize="16384"
	NumberOfLogicalCPU="16"
	NumberOfPhysicalCPU="8"
	TotalVirtualMemory="8192"
	TotalPhysicalMemory="64182"
	LogicalProcessorsPerPhysical="2"
	ProcessorClockFrequency="3100"
	>
	<Testing>
		<StartDateTime>Jul 31 20:45 EDT</StartDateTime>
		<StartTestTime>1722473131</StartTestTime>
		<TestList/>
		<EndDateTime>Jul 31 20:45 EDT</EndDateTime>
		<EndTestTime>1722473131</EndTestTime>
		<ElapsedMinutes>0</ElapsedMinutes>
	</Testing>
</Site>
